android/app/build/intermediates/manifest_merge_blame_file/debug/processDebugMainManifest/manifest-merger-blame-debug-report.txt
1<?xml version="1.0" encoding="utf-8"?>
2<!--
3  Debug-only manifest overlay (CAPACITOR-PLAN.md → P2.8).
4
5  Android 9+ blocks cleartext HTTP outright, so a debug build talking to a dev
6  backend at http://192.168.x.x:8022 fails before the request leaves the device.
7  This grants that permission for the *debug* build type only — the manifest
8  merger never applies src/debug/ to a release build, so a store artifact cannot
9  inherit it no matter what env/.env.mobile.local happens to contain.
10
11  The matching WebView-side allowance is `allowMixedContent`, which is set from
12  the CAP_LAN_DEV flag in capacitor.config.ts.
13-->
14<manifest xmlns:android="http://schemas.android.com/apk/res/android"
15    package="com.wi_mall.agency"
16    android:versionCode="1"
17    android:versionName="1.0" >
18
19    <uses-sdk
20        android:minSdkVersion="24"
21        android:targetSdkVersion="36" />
22    <!-- Permissions -->
23    <uses-permission android:name="android.permission.INTERNET" />
23-->src\main\AndroidManifest.xml:103:5-67
23-->src\main\AndroidManifest.xml:103:22-64
24    <!--
25        Phase 4 capabilities (CAPACITOR-PLAN.md → P4.1, P4.3, P4.4). None of the
26        plugins declares its own runtime permission; each ships only the service,
27        the queries or the manifest stub it needs, so every grant below has to be
28        asked for here.
29
30        Each is requested at the point of use and never at startup — see the
31        `requestPermissions` call in the matching src/platform/ module.
32    -->
33    <!-- P4.1 — push. Runtime-granted from Android 13; implicit before that. -->
34    <uses-permission android:name="android.permission.POST_NOTIFICATIONS" />
34-->src\main\AndroidManifest.xml:116:5-77
34-->src\main\AndroidManifest.xml:116:22-74
35    <!--
36        Biometric sign-in (src/lib/biometricUnlock.ts).
37
38        Install-time, not runtime: there is no prompt to grant, and asking for
39        a fingerprint is itself the consent. `androidx.biometric` declares this
40        in its own manifest, so the merger would add it either way — it is
41        written out here because a permission the app ships with should be
42        readable in the app's own manifest rather than inferred from a
43        transitive AAR.
44
45        Deliberately NOT paired with a `uses-feature`: an implied
46        `android.hardware.fingerprint` would let Play hide the app from every
47        device without a sensor, and biometric unlock is an opt-in convenience
48        that the settings screen already degrades gracefully without.
49    -->
50    <uses-permission android:name="android.permission.USE_BIOMETRIC" />
50-->src\main\AndroidManifest.xml:133:5-72
50-->src\main\AndroidManifest.xml:133:22-69
51    <!--
52 P4.4 — "use my location" in the address picker. Coarse is enough to
53         geocode to the right neighbourhood, so a user who grants only the
54         approximate one still gets a filled address.
55    -->
56    <uses-permission android:name="android.permission.ACCESS_COARSE_LOCATION" />
56-->src\main\AndroidManifest.xml:138:5-81
56-->src\main\AndroidManifest.xml:138:22-78
57    <uses-permission android:name="android.permission.ACCESS_FINE_LOCATION" />
57-->src\main\AndroidManifest.xml:139:5-79
57-->src\main\AndroidManifest.xml:139:22-76
58    <!--
59 P4.3 — camera and gallery.
60         READ_MEDIA_* replaced READ_EXTERNAL_STORAGE in Android 13, hence the
61         maxSdkVersion on the old one: without it the Play Console flags a
62         storage permission the app cannot use on a modern device.
63    -->
64    <uses-permission android:name="android.permission.CAMERA" />
64-->src\main\AndroidManifest.xml:145:5-65
64-->src\main\AndroidManifest.xml:145:22-62
65    <uses-permission android:name="android.permission.READ_MEDIA_IMAGES" />
65-->src\main\AndroidManifest.xml:146:5-76
65-->src\main\AndroidManifest.xml:146:22-73
66    <uses-permission android:name="android.permission.READ_MEDIA_VIDEO" />
66-->src\main\AndroidManifest.xml:147:5-75
66-->src\main\AndroidManifest.xml:147:22-72
67    <uses-permission
67-->src\main\AndroidManifest.xml:148:5-150:38
68        android:name="android.permission.READ_EXTERNAL_STORAGE"
68-->src\main\AndroidManifest.xml:149:9-64
69        android:maxSdkVersion="32" />
69-->src\main\AndroidManifest.xml:150:9-35
70    <!--
71        Declared NOT required, all three.
72
73        A `uses-permission` implies the matching `uses-feature` as REQUIRED
74        unless it is overridden here, and Play uses that to decide which devices
75        may install the app. Left implicit, a dashboard whose camera and GPS are
76        conveniences would be hidden from every device lacking either — and the
77        agency staff who only ever read shipments would be the ones locked out.
78    -->
79    <uses-feature
79-->src\main\AndroidManifest.xml:161:5-85
80        android:name="android.hardware.camera"
80-->src\main\AndroidManifest.xml:161:19-57
81        android:required="false" />
81-->src\main\AndroidManifest.xml:161:58-82
82    <uses-feature
82-->src\main\AndroidManifest.xml:162:5-95
83        android:name="android.hardware.camera.autofocus"
83-->src\main\AndroidManifest.xml:162:19-67
84        android:required="false" />
84-->src\main\AndroidManifest.xml:162:68-92
85    <uses-feature
85-->src\main\AndroidManifest.xml:163:5-91
86        android:name="android.hardware.location.gps"
86-->src\main\AndroidManifest.xml:163:19-63
87        android:required="false" />
87-->src\main\AndroidManifest.xml:163:64-88
88
89    <queries>
89-->[:capacitor-browser] AndroidManifest.xml:7:5-11:15
90        <intent>
90-->[:capacitor-browser] AndroidManifest.xml:8:9-10:18
91            <action android:name="android.support.customtabs.action.CustomTabsService" />
91-->[:capacitor-browser] AndroidManifest.xml:9:13-90
91-->[:capacitor-browser] AndroidManifest.xml:9:21-87
92        </intent>
93        <intent>
93-->[:capacitor-camera] AndroidManifest.xml:8:9-10:18
94            <action android:name="android.media.action.IMAGE_CAPTURE" />
94-->[:capacitor-camera] AndroidManifest.xml:9:13-73
94-->[:capacitor-camera] AndroidManifest.xml:9:21-70
95        </intent>
96        <intent>
96-->[:capacitor-camera] AndroidManifest.xml:11:9-13:18
97            <action android:name="android.intent.action.GET_CONTENT" />
97-->[:capacitor-camera] AndroidManifest.xml:12:13-72
97-->[:capacitor-camera] AndroidManifest.xml:12:21-69
98        </intent>
99        <intent>
99-->[:capacitor-camera] AndroidManifest.xml:14:9-16:18
100            <action android:name="android.intent.action.PICK" />
100-->[:capacitor-camera] AndroidManifest.xml:15:13-65
100-->[:capacitor-camera] AndroidManifest.xml:15:21-62
101        </intent>
102    </queries>
103
104    <uses-permission android:name="android.permission.ACCESS_NETWORK_STATE" /> <!-- suppress DeprecatedClassUsageInspection -->
104-->[:capacitor-network] AndroidManifest.xml:7:5-79
104-->[:capacitor-network] AndroidManifest.xml:7:22-76
105    <uses-permission android:name="android.permission.USE_FINGERPRINT" />
105-->[androidx.biometric:biometric:1.1.0] AndroidManifest.xml:27:5-74
105-->[androidx.biometric:biometric:1.1.0] AndroidManifest.xml:27:22-71
106    <uses-permission android:name="android.permission.WAKE_LOCK" /> <!-- Required by older versions of Google Play services to create IID tokens -->
106-->[com.google.firebase:firebase-messaging:25.0.1] AndroidManifest.xml:24:5-68
106-->[com.google.firebase:firebase-messaging:25.0.1] AndroidManifest.xml:24:22-65
107    <uses-permission android:name="com.google.android.c2dm.permission.RECEIVE" />
107-->[com.google.firebase:firebase-messaging:25.0.1] AndroidManifest.xml:26:5-82
107-->[com.google.firebase:firebase-messaging:25.0.1] AndroidManifest.xml:26:22-79
108
109    <permission
109-->[androidx.core:core:1.17.0] AndroidManifest.xml:22:5-24:47
110        android:name="com.wi_mall.agency.DYNAMIC_RECEIVER_NOT_EXPORTED_PERMISSION"
110-->[androidx.core:core:1.17.0] AndroidManifest.xml:23:9-81
111        android:protectionLevel="signature" />
111-->[androidx.core:core:1.17.0] AndroidManifest.xml:24:9-44
112
113    <uses-permission android:name="com.wi_mall.agency.DYNAMIC_RECEIVER_NOT_EXPORTED_PERMISSION" />
113-->[androidx.core:core:1.17.0] AndroidManifest.xml:26:5-97
113-->[androidx.core:core:1.17.0] AndroidManifest.xml:26:22-94
114
115    <application
115-->src\main\AndroidManifest.xml:3:5-99:19
116        android:allowBackup="true"
116-->src\main\AndroidManifest.xml:4:9-35
117        android:appComponentFactory="androidx.core.app.CoreComponentFactory"
117-->[androidx.core:core:1.17.0] AndroidManifest.xml:28:18-86
118        android:debuggable="true"
119        android:extractNativeLibs="false"
120        android:icon="@mipmap/ic_launcher"
120-->src\main\AndroidManifest.xml:5:9-43
121        android:label="@string/app_name"
121-->src\main\AndroidManifest.xml:6:9-41
122        android:requestLegacyExternalStorage="true"
122-->[io.ionic.libs:ioncamera-android:1.0.2] AndroidManifest.xml:8:18-61
123        android:roundIcon="@mipmap/ic_launcher_round"
123-->src\main\AndroidManifest.xml:7:9-54
124        android:supportsRtl="true"
124-->src\main\AndroidManifest.xml:8:9-35
125        android:theme="@style/AppTheme"
125-->src\main\AndroidManifest.xml:9:9-40
126        android:usesCleartextTraffic="true" >
126-->src\debug\AndroidManifest.xml:18:9-44
127        <activity
127-->src\main\AndroidManifest.xml:10:9-59:20
128            android:name="com.wi_mall.agency.MainActivity"
128-->src\main\AndroidManifest.xml:12:13-41
129            android:configChanges="orientation|keyboardHidden|keyboard|screenSize|locale|smallestScreenSize|screenLayout|uiMode|navigation|density"
129-->src\main\AndroidManifest.xml:11:13-148
130            android:exported="true"
130-->src\main\AndroidManifest.xml:16:13-36
131            android:label="@string/title_activity_main"
131-->src\main\AndroidManifest.xml:13:13-56
132            android:launchMode="singleTask"
132-->src\main\AndroidManifest.xml:15:13-44
133            android:theme="@style/AppTheme.NoActionBarLaunch" >
133-->src\main\AndroidManifest.xml:14:13-62
134            <intent-filter>
134-->src\main\AndroidManifest.xml:17:13-20:29
135                <action android:name="android.intent.action.MAIN" />
135-->src\main\AndroidManifest.xml:18:17-69
135-->src\main\AndroidManifest.xml:18:25-66
136
137                <category android:name="android.intent.category.LAUNCHER" />
137-->src\main\AndroidManifest.xml:19:17-77
137-->src\main\AndroidManifest.xml:19:27-74
138            </intent-filter>
139
140            <!--
141                Deep links (CAPACITOR-PLAN.md → P4.2). `launchMode="singleTask"`
142                above is what makes these arrive as `appUrlOpen` on the RUNNING
143                instance instead of stacking a second copy of the app.
144
145                The custom scheme is the one that works today: it needs no
146                server-side proof, so it is what a notification payload and a
147                manual `adb shell am start -d wiagency://shipments/<id>` can both
148                rely on. Its path is dashboard-relative — `wiagency://shipments/
149                {id}` — matching the `action.path` the backend already mints.
150            -->
151            <intent-filter>
151-->src\main\AndroidManifest.xml:33:13-38:29
152                <action android:name="android.intent.action.VIEW" />
152-->src\main\AndroidManifest.xml:34:17-69
152-->src\main\AndroidManifest.xml:34:25-66
153
154                <category android:name="android.intent.category.DEFAULT" />
154-->src\main\AndroidManifest.xml:35:17-76
154-->src\main\AndroidManifest.xml:35:27-73
155                <category android:name="android.intent.category.BROWSABLE" />
155-->src\main\AndroidManifest.xml:36:17-78
155-->src\main\AndroidManifest.xml:36:27-75
156
157                <data android:scheme="wiagency" />
157-->src\main\AndroidManifest.xml:37:17-51
157-->src\main\AndroidManifest.xml:37:23-48
158            </intent-filter>
159
160            <!--
161                App Links for the real domain, so a link opened from an email or
162                a browser lands in the app rather than on the web dashboard.
163
164                ⚠ `autoVerify` only takes effect once
165                https://agency.wi-mall.com/.well-known/assetlinks.json exists and
166                names this package plus its signing-certificate fingerprint —
167                which cannot be produced before Phase 7 mints the release key.
168                Until then Android silently declines to verify and these links
169                keep opening the browser; nothing breaks, the app just does not
170                claim them yet. The filter is here so the ops task has something
171                concrete to point at.
172            -->
173            <intent-filter android:autoVerify="true" >
173-->src\main\AndroidManifest.xml:53:13-58:29
173-->src\main\AndroidManifest.xml:53:28-53
174                <action android:name="android.intent.action.VIEW" />
174-->src\main\AndroidManifest.xml:34:17-69
174-->src\main\AndroidManifest.xml:34:25-66
175
176                <category android:name="android.intent.category.DEFAULT" />
176-->src\main\AndroidManifest.xml:35:17-76
176-->src\main\AndroidManifest.xml:35:27-73
177                <category android:name="android.intent.category.BROWSABLE" />
177-->src\main\AndroidManifest.xml:36:17-78
177-->src\main\AndroidManifest.xml:36:27-75
178
179                <data
179-->src\main\AndroidManifest.xml:37:17-51
180                    android:host="agency.wi-mall.com"
181                    android:scheme="https" />
181-->src\main\AndroidManifest.xml:37:23-48
182            </intent-filter>
183        </activity>
184        <!--
185            FCM presentation defaults (P4.1). All three are read by the Firebase
186            messaging SDK when it draws a notification the app never sees —
187            which is every push that lands while the app is backgrounded or
188            killed, i.e. the ones that matter most.
189
190            ⚠ Without the icon line Android falls back to `android:icon`, and a
191            status-bar icon is a MASK: only its alpha survives and every opaque
192            pixel is painted white. The launcher icon is a filled square, so the
193            fallback is a featureless white box. `ic_stat_wi_agency` is the same
194            mark reduced to line art, with the eyes and smile as real holes.
195
196            The channel id must match the one the client creates at runtime
197            (src/platform/push.ts) AND the one the backend addresses
198            (`ANDROID_CHANNELS.DEFAULT` in fcm-push.service.ts). It is only a
199            fallback here — the backend names the channel on every send — but a
200            payload that ever arrived without one would otherwise land in the
201            SDK's own "Miscellaneous" channel, which the user cannot recognise
202            and will mute.
203        -->
204        <meta-data
204-->src\main\AndroidManifest.xml:82:9-84:62
205            android:name="com.google.firebase.messaging.default_notification_icon"
205-->src\main\AndroidManifest.xml:83:13-83
206            android:resource="@drawable/ic_stat_wi_agency" />
206-->src\main\AndroidManifest.xml:84:13-59
207        <meta-data
207-->src\main\AndroidManifest.xml:85:9-87:61
208            android:name="com.google.firebase.messaging.default_notification_color"
208-->src\main\AndroidManifest.xml:86:13-84
209            android:resource="@color/notification_accent" />
209-->src\main\AndroidManifest.xml:87:13-58
210        <meta-data
210-->src\main\AndroidManifest.xml:88:9-90:71
211            android:name="com.google.firebase.messaging.default_notification_channel_id"
211-->src\main\AndroidManifest.xml:89:13-89
212            android:value="@string/default_notification_channel_id" />
212-->src\main\AndroidManifest.xml:90:13-68
213
214        <provider
215            android:name="androidx.core.content.FileProvider"
216            android:authorities="com.wi_mall.agency.fileprovider"
217            android:exported="false"
218            android:grantUriPermissions="true" >
219            <meta-data
219-->[io.ionic.libs:ioncamera-android:1.0.2] AndroidManifest.xml:41:13-43:59
220                android:name="android.support.FILE_PROVIDER_PATHS"
220-->[io.ionic.libs:ioncamera-android:1.0.2] AndroidManifest.xml:42:17-67
221                android:resource="@xml/file_paths" />
221-->[io.ionic.libs:ioncamera-android:1.0.2] AndroidManifest.xml:43:17-56
222        </provider>
223
224        <activity
224-->[:aparajita-capacitor-biometric-auth] AndroidManifest.xml:8:9-11:59
225            android:name="com.aparajita.capacitor.biometricauth.AuthActivity"
225-->[:aparajita-capacitor-biometric-auth] AndroidManifest.xml:9:13-78
226            android:label="@string/title_activity_auth_activity"
226-->[:aparajita-capacitor-biometric-auth] AndroidManifest.xml:10:13-65
227            android:theme="@style/AppTheme.Transparent" />
227-->[:aparajita-capacitor-biometric-auth] AndroidManifest.xml:11:13-56
228        <activity
228-->[:capacitor-browser] AndroidManifest.xml:14:9-18:75
229            android:name="com.capacitorjs.plugins.browser.BrowserControllerActivity"
229-->[:capacitor-browser] AndroidManifest.xml:15:13-85
230            android:exported="false"
230-->[:capacitor-browser] AndroidManifest.xml:16:13-37
231            android:launchMode="singleTask"
231-->[:capacitor-browser] AndroidManifest.xml:17:13-44
232            android:theme="@android:style/Theme.Translucent.NoTitleBar" />
232-->[:capacitor-browser] AndroidManifest.xml:18:13-72
233
234        <service
234-->[:capacitor-push-notifications] AndroidManifest.xml:8:9-14:19
235            android:name="com.capacitorjs.plugins.pushnotifications.MessagingService"
235-->[:capacitor-push-notifications] AndroidManifest.xml:9:13-86
236            android:exported="false" >
236-->[:capacitor-push-notifications] AndroidManifest.xml:10:13-37
237            <intent-filter>
237-->[:capacitor-push-notifications] AndroidManifest.xml:11:13-13:29
238                <action android:name="com.google.firebase.MESSAGING_EVENT" />
238-->[:capacitor-push-notifications] AndroidManifest.xml:12:17-78
238-->[:capacitor-push-notifications] AndroidManifest.xml:12:25-75
239            </intent-filter>
240        </service>
241
242        <activity
242-->[io.ionic.libs:ioncamera-android:1.0.2] AndroidManifest.xml:9:9-11:86
243            android:name="io.ionic.libs.ioncameralib.view.IONCAMRLoadingActivity"
243-->[io.ionic.libs:ioncamera-android:1.0.2] AndroidManifest.xml:10:13-82
244            android:theme="@android:style/Theme.Translucent.NoTitleBar.Fullscreen" />
244-->[io.ionic.libs:ioncamera-android:1.0.2] AndroidManifest.xml:11:13-83
245        <activity
245-->[io.ionic.libs:ioncamera-android:1.0.2] AndroidManifest.xml:12:9-16:36
246            android:name="io.ionic.libs.ioncameralib.view.IONCAMRImageEditorActivity"
246-->[io.ionic.libs:ioncamera-android:1.0.2] AndroidManifest.xml:13:13-86
247            android:enableOnBackInvokedCallback="true"
247-->[io.ionic.libs:ioncamera-android:1.0.2] AndroidManifest.xml:14:13-55
248            android:theme="@android:style/Theme.Black.NoTitleBar" />
248-->[io.ionic.libs:ioncamera-android:1.0.2] AndroidManifest.xml:15:13-66
249        <activity
249-->[io.ionic.libs:ioncamera-android:1.0.2] AndroidManifest.xml:17:9-20:86
250            android:name="io.ionic.libs.ioncameralib.view.IONCAMROpenPhotoPickerActivity"
250-->[io.ionic.libs:ioncamera-android:1.0.2] AndroidManifest.xml:18:13-90
251            android:exported="false"
251-->[io.ionic.libs:ioncamera-android:1.0.2] AndroidManifest.xml:19:13-37
252            android:theme="@android:style/Theme.Translucent.NoTitleBar.Fullscreen" /> <!-- Trigger Google Play services to install the backported photo picker module. -->
252-->[io.ionic.libs:ioncamera-android:1.0.2] AndroidManifest.xml:20:13-83
253        <service
253-->[io.ionic.libs:ioncamera-android:1.0.2] AndroidManifest.xml:22:9-34:19
254            android:name="com.google.android.gms.metadata.ModuleDependencies"
254-->[io.ionic.libs:ioncamera-android:1.0.2] AndroidManifest.xml:23:13-78
255            android:enabled="false"
255-->[io.ionic.libs:ioncamera-android:1.0.2] AndroidManifest.xml:24:13-36
256            android:exported="false" >
256-->[io.ionic.libs:ioncamera-android:1.0.2] AndroidManifest.xml:25:13-37
257            <intent-filter>
257-->[io.ionic.libs:ioncamera-android:1.0.2] AndroidManifest.xml:27:13-29:29
258                <action android:name="com.google.android.gms.metadata.MODULE_DEPENDENCIES" />
258-->[io.ionic.libs:ioncamera-android:1.0.2] AndroidManifest.xml:28:17-94
258-->[io.ionic.libs:ioncamera-android:1.0.2] AndroidManifest.xml:28:25-91
259            </intent-filter>
260
261            <meta-data
261-->[io.ionic.libs:ioncamera-android:1.0.2] AndroidManifest.xml:31:13-33:36
262                android:name="photopicker_activity:0:required"
262-->[io.ionic.libs:ioncamera-android:1.0.2] AndroidManifest.xml:32:17-63
263                android:value="" />
263-->[io.ionic.libs:ioncamera-android:1.0.2] AndroidManifest.xml:33:17-33
264        </service>
265
266        <provider
266-->[io.ionic.libs:ioncamera-android:1.0.2] AndroidManifest.xml:36:9-44:20
267            android:name="io.ionic.libs.ioncameralib.IONCAMRFileProvider"
267-->[io.ionic.libs:ioncamera-android:1.0.2] AndroidManifest.xml:37:13-74
268            android:authorities="com.wi_mall.agency.camera.provider"
268-->[io.ionic.libs:ioncamera-android:1.0.2] AndroidManifest.xml:38:13-67
269            android:exported="false"
269-->[io.ionic.libs:ioncamera-android:1.0.2] AndroidManifest.xml:39:13-37
270            android:grantUriPermissions="true" >
270-->[io.ionic.libs:ioncamera-android:1.0.2] AndroidManifest.xml:40:13-47
271            <meta-data
271-->[io.ionic.libs:ioncamera-android:1.0.2] AndroidManifest.xml:41:13-43:59
272                android:name="android.support.FILE_PROVIDER_PATHS"
272-->[io.ionic.libs:ioncamera-android:1.0.2] AndroidManifest.xml:42:17-67
273                android:resource="@xml/ioncamera_paths" />
273-->[io.ionic.libs:ioncamera-android:1.0.2] AndroidManifest.xml:43:17-56
274        </provider>
275
276        <receiver
276-->[com.google.firebase:firebase-messaging:25.0.1] AndroidManifest.xml:29:9-40:20
277            android:name="com.google.firebase.iid.FirebaseInstanceIdReceiver"
277-->[com.google.firebase:firebase-messaging:25.0.1] AndroidManifest.xml:30:13-78
278            android:exported="true"
278-->[com.google.firebase:firebase-messaging:25.0.1] AndroidManifest.xml:31:13-36
279            android:permission="com.google.android.c2dm.permission.SEND" >
279-->[com.google.firebase:firebase-messaging:25.0.1] AndroidManifest.xml:32:13-73
280            <intent-filter>
280-->[com.google.firebase:firebase-messaging:25.0.1] AndroidManifest.xml:33:13-35:29
281                <action android:name="com.google.android.c2dm.intent.RECEIVE" />
281-->[com.google.firebase:firebase-messaging:25.0.1] AndroidManifest.xml:34:17-81
281-->[com.google.firebase:firebase-messaging:25.0.1] AndroidManifest.xml:34:25-78
282            </intent-filter>
283
284            <meta-data
284-->[com.google.firebase:firebase-messaging:25.0.1] AndroidManifest.xml:37:13-39:40
285                android:name="com.google.android.gms.cloudmessaging.FINISHED_AFTER_HANDLED"
285-->[com.google.firebase:firebase-messaging:25.0.1] AndroidManifest.xml:38:17-92
286                android:value="true" />
286-->[com.google.firebase:firebase-messaging:25.0.1] AndroidManifest.xml:39:17-37
287        </receiver>
288        <!--
289             FirebaseMessagingService performs security checks at runtime,
290             but set to not exported to explicitly avoid allowing another app to call it.
291        -->
292        <service
292-->[com.google.firebase:firebase-messaging:25.0.1] AndroidManifest.xml:46:9-53:19
293            android:name="com.google.firebase.messaging.FirebaseMessagingService"
293-->[com.google.firebase:firebase-messaging:25.0.1] AndroidManifest.xml:47:13-82
294            android:directBootAware="true"
294-->[com.google.firebase:firebase-messaging:25.0.1] AndroidManifest.xml:48:13-43
295            android:exported="false" >
295-->[com.google.firebase:firebase-messaging:25.0.1] AndroidManifest.xml:49:13-37
296            <intent-filter android:priority="-500" >
296-->[:capacitor-push-notifications] AndroidManifest.xml:11:13-13:29
297                <action android:name="com.google.firebase.MESSAGING_EVENT" />
297-->[:capacitor-push-notifications] AndroidManifest.xml:12:17-78
297-->[:capacitor-push-notifications] AndroidManifest.xml:12:25-75
298            </intent-filter>
299        </service>
300        <service
300-->[com.google.firebase:firebase-messaging:25.0.1] AndroidManifest.xml:54:9-63:19
301            android:name="com.google.firebase.components.ComponentDiscoveryService"
301-->[com.google.firebase:firebase-messaging:25.0.1] AndroidManifest.xml:55:13-84
302            android:directBootAware="true"
302-->[com.google.firebase:firebase-common:22.0.1] AndroidManifest.xml:32:13-43
303            android:exported="false" >
303-->[com.google.firebase:firebase-messaging:25.0.1] AndroidManifest.xml:56:13-37
304            <meta-data
304-->[com.google.firebase:firebase-messaging:25.0.1] AndroidManifest.xml:57:13-59:85
305                android:name="com.google.firebase.components:com.google.firebase.messaging.FirebaseMessagingKtxRegistrar"
305-->[com.google.firebase:firebase-messaging:25.0.1] AndroidManifest.xml:58:17-122
306                android:value="com.google.firebase.components.ComponentRegistrar" />
306-->[com.google.firebase:firebase-messaging:25.0.1] AndroidManifest.xml:59:17-82
307            <meta-data
307-->[com.google.firebase:firebase-messaging:25.0.1] AndroidManifest.xml:60:13-62:85
308                android:name="com.google.firebase.components:com.google.firebase.messaging.FirebaseMessagingRegistrar"
308-->[com.google.firebase:firebase-messaging:25.0.1] AndroidManifest.xml:61:17-119
309                android:value="com.google.firebase.components.ComponentRegistrar" />
309-->[com.google.firebase:firebase-messaging:25.0.1] AndroidManifest.xml:62:17-82
310            <meta-data
310-->[com.google.firebase:firebase-installations:18.0.0] AndroidManifest.xml:15:13-17:85
311                android:name="com.google.firebase.components:com.google.firebase.installations.FirebaseInstallationsKtxRegistrar"
311-->[com.google.firebase:firebase-installations:18.0.0] AndroidManifest.xml:16:17-130
312                android:value="com.google.firebase.components.ComponentRegistrar" />
312-->[com.google.firebase:firebase-installations:18.0.0] AndroidManifest.xml:17:17-82
313            <meta-data
313-->[com.google.firebase:firebase-installations:18.0.0] AndroidManifest.xml:18:13-20:85
314                android:name="com.google.firebase.components:com.google.firebase.installations.FirebaseInstallationsRegistrar"
314-->[com.google.firebase:firebase-installations:18.0.0] AndroidManifest.xml:19:17-127
315                android:value="com.google.firebase.components.ComponentRegistrar" />
315-->[com.google.firebase:firebase-installations:18.0.0] AndroidManifest.xml:20:17-82
316            <meta-data
316-->[com.google.firebase:firebase-common:22.0.1] AndroidManifest.xml:35:13-37:85
317                android:name="com.google.firebase.components:com.google.firebase.FirebaseCommonKtxRegistrar"
317-->[com.google.firebase:firebase-common:22.0.1] AndroidManifest.xml:36:17-109
318                android:value="com.google.firebase.components.ComponentRegistrar" />
318-->[com.google.firebase:firebase-common:22.0.1] AndroidManifest.xml:37:17-82
319            <meta-data
319-->[com.google.firebase:firebase-datatransport:18.2.0] AndroidManifest.xml:25:13-27:85
320                android:name="com.google.firebase.components:com.google.firebase.datatransport.TransportRegistrar"
320-->[com.google.firebase:firebase-datatransport:18.2.0] AndroidManifest.xml:26:17-115
321                android:value="com.google.firebase.components.ComponentRegistrar" />
321-->[com.google.firebase:firebase-datatransport:18.2.0] AndroidManifest.xml:27:17-82
322        </service>
323
324        <activity
324-->[com.google.android.gms:play-services-base:18.5.0] AndroidManifest.xml:5:9-173
325            android:name="com.google.android.gms.common.api.GoogleApiActivity"
325-->[com.google.android.gms:play-services-base:18.5.0] AndroidManifest.xml:5:19-85
326            android:exported="false"
326-->[com.google.android.gms:play-services-base:18.5.0] AndroidManifest.xml:5:146-170
327            android:theme="@android:style/Theme.Translucent.NoTitleBar" />
327-->[com.google.android.gms:play-services-base:18.5.0] AndroidManifest.xml:5:86-145
328
329        <provider
329-->[androidx.emoji2:emoji2:1.3.0] AndroidManifest.xml:24:9-32:20
330            android:name="androidx.startup.InitializationProvider"
330-->[androidx.emoji2:emoji2:1.3.0] AndroidManifest.xml:25:13-67
331            android:authorities="com.wi_mall.agency.androidx-startup"
331-->[androidx.emoji2:emoji2:1.3.0] AndroidManifest.xml:26:13-68
332            android:exported="false" >
332-->[androidx.emoji2:emoji2:1.3.0] AndroidManifest.xml:27:13-37
333            <meta-data
333-->[androidx.emoji2:emoji2:1.3.0] AndroidManifest.xml:29:13-31:52
334                android:name="androidx.emoji2.text.EmojiCompatInitializer"
334-->[androidx.emoji2:emoji2:1.3.0] AndroidManifest.xml:30:17-75
335                android:value="androidx.startup" />
335-->[androidx.emoji2:emoji2:1.3.0] AndroidManifest.xml:31:17-49
336            <meta-data
336-->[androidx.lifecycle:lifecycle-process:2.6.2] AndroidManifest.xml:29:13-31:52
337                android:name="androidx.lifecycle.ProcessLifecycleInitializer"